{"/Users/afv/Documents/sdk/src/index.ts": {"path":"/Users/afv/Documents/sdk/src/index.ts","statementMap":{"0":{"start":{"line":2,"column":0},"end":{"line":2,"column":48}},"1":{"start":{"line":3,"column":0},"end":{"line":3,"column":52}},"2":{"start":{"line":4,"column":0},"end":{"line":4,"column":52}},"3":{"start":{"line":5,"column":0},"end":{"line":5,"column":50}},"4":{"start":{"line":6,"column":0},"end":{"line":6,"column":44}},"5":{"start":{"line":7,"column":0},"end":{"line":7,"column":46}},"6":{"start":{"line":8,"column":0},"end":{"line":8,"column":50}},"7":{"start":{"line":9,"column":0},"end":{"line":9,"column":46}},"8":{"start":{"line":10,"column":0},"end":{"line":10,"column":46}},"9":{"start":{"line":11,"column":0},"end":{"line":11,"column":60}},"10":{"start":{"line":12,"column":0},"end":{"line":12,"column":44}},"11":{"start":{"line":76,"column":4},"end":{"line":78,"column":5}},"12":{"start":{"line":77,"column":6},"end":{"line":77,"column":88}},"13":{"start":{"line":81,"column":4},"end":{"line":83,"column":5}},"14":{"start":{"line":82,"column":6},"end":{"line":82,"column":51}},"15":{"start":{"line":86,"column":4},"end":{"line":86,"column":45}},"16":{"start":{"line":89,"column":4},"end":{"line":89,"column":56}},"17":{"start":{"line":90,"column":4},"end":{"line":90,"column":56}},"18":{"start":{"line":91,"column":4},"end":{"line":91,"column":54}},"19":{"start":{"line":92,"column":4},"end":{"line":92,"column":48}},"20":{"start":{"line":93,"column":4},"end":{"line":93,"column":50}},"21":{"start":{"line":94,"column":4},"end":{"line":94,"column":54}},"22":{"start":{"line":95,"column":4},"end":{"line":95,"column":50}},"23":{"start":{"line":96,"column":4},"end":{"line":96,"column":50}},"24":{"start":{"line":97,"column":4},"end":{"line":97,"column":64}},"25":{"start":{"line":98,"column":4},"end":{"line":98,"column":48}},"26":{"start":{"line":107,"column":4},"end":{"line":107,"column":40}},"27":{"start":{"line":108,"column":4},"end":{"line":108,"column":40}},"28":{"start":{"line":109,"column":4},"end":{"line":109,"column":39}},"29":{"start":{"line":110,"column":4},"end":{"line":110,"column":36}},"30":{"start":{"line":111,"column":4},"end":{"line":111,"column":37}},"31":{"start":{"line":112,"column":4},"end":{"line":112,"column":39}},"32":{"start":{"line":113,"column":4},"end":{"line":113,"column":37}},"33":{"start":{"line":114,"column":4},"end":{"line":114,"column":37}},"34":{"start":{"line":115,"column":4},"end":{"line":115,"column":44}},"35":{"start":{"line":116,"column":4},"end":{"line":116,"column":36}},"36":{"start":{"line":118,"column":4},"end":{"line":118,"column":16}},"37":{"start":{"line":17,"column":0},"end":{"line":17,"column":13}},"38":{"start":{"line":123,"column":0},"end":{"line":123,"column":24}},"39":{"start":{"line":124,"column":0},"end":{"line":124,"column":35}},"40":{"start":{"line":125,"column":0},"end":{"line":125,"column":35}}},"fnMap":{"0":{"name":"(anonymous_4)","decl":{"start":{"line":74,"column":2},"end":{"line":74,"column":14}},"loc":{"start":{"line":74,"column":40},"end":{"line":99,"column":3}}},"1":{"name":"(anonymous_5)","decl":{"start":{"line":106,"column":2},"end":{"line":106,"column":13}},"loc":{"start":{"line":106,"column":30},"end":{"line":119,"column":3}}}},"branchMap":{"0":{"loc":{"start":{"line":76,"column":4},"end":{"line":78,"column":5}},"type":"if","locations":[{"start":{"line":76,"column":4},"end":{"line":78,"column":5}}]},"1":{"loc":{"start":{"line":81,"column":4},"end":{"line":83,"column":5}},"type":"if","locations":[{"start":{"line":81,"column":4},"end":{"line":83,"column":5}}]}},"s":{"0":1,"1":1,"2":1,"3":1,"4":1,"5":1,"6":1,"7":1,"8":1,"9":1,"10":1,"11":4,"12":1,"13":3,"14":1,"15":3,"16":3,"17":3,"18":3,"19":3,"20":3,"21":3,"22":3,"23":3,"24":3,"25":3,"26":1,"27":1,"28":1,"29":1,"30":1,"31":1,"32":1,"33":1,"34":1,"35":1,"36":1,"37":1,"38":1,"39":1,"40":1},"f":{"0":4,"1":1},"b":{"0":[1],"1":[1]}}
,"/Users/afv/Documents/sdk/src/core/base-module.ts": {"path":"/Users/afv/Documents/sdk/src/core/base-module.ts","statementMap":{"0":{"start":{"line":2,"column":0},"end":{"line":2,"column":45}},"1":{"start":{"line":17,"column":4},"end":{"line":17,"column":21}},"2":{"start":{"line":18,"column":4},"end":{"line":18,"column":29}},"3":{"start":{"line":26,"column":4},"end":{"line":26,"column":29}},"4":{"start":{"line":27,"column":4},"end":{"line":27,"column":16}},"5":{"start":{"line":36,"column":4},"end":{"line":38,"column":5}},"6":{"start":{"line":37,"column":6},"end":{"line":37,"column":107}},"7":{"start":{"line":39,"column":4},"end":{"line":39,"column":25}},"8":{"start":{"line":47,"column":4},"end":{"line":47,"column":27}},"9":{"start":{"line":7,"column":0},"end":{"line":7,"column":22}}},"fnMap":{"0":{"name":"(anonymous_0)","decl":{"start":{"line":16,"column":2},"end":{"line":16,"column":14}},"loc":{"start":{"line":16,"column":49},"end":{"line":19,"column":3}}},"1":{"name":"(anonymous_1)","decl":{"start":{"line":25,"column":2},"end":{"line":25,"column":13}},"loc":{"start":{"line":25,"column":30},"end":{"line":28,"column":3}}},"2":{"name":"(anonymous_2)","decl":{"start":{"line":35,"column":2},"end":{"line":35,"column":13}},"loc":{"start":{"line":35,"column":13},"end":{"line":40,"column":3}}},"3":{"name":"(anonymous_3)","decl":{"start":{"line":46,"column":2},"end":{"line":46,"column":13}},"loc":{"start":{"line":46,"column":13},"end":{"line":48,"column":3}}}},"branchMap":{"0":{"loc":{"start":{"line":36,"column":4},"end":{"line":38,"column":5}},"type":"if","locations":[{"start":{"line":36,"column":4},"end":{"line":38,"column":5}}]}},"s":{"0":7,"1":51,"2":51,"3":31,"4":31,"5":18,"6":2,"7":16,"8":2,"9":7},"f":{"0":51,"1":31,"2":18,"3":2},"b":{"0":[2]}}
,"/Users/afv/Documents/sdk/src/core/http-client.ts": {"path":"/Users/afv/Documents/sdk/src/core/http-client.ts","statementMap":{"0":{"start":{"line":1,"column":0},"end":{"line":1,"column":80}},"1":{"start":{"line":2,"column":0},"end":{"line":2,"column":65}},"2":{"start":{"line":16,"column":4},"end":{"line":22,"column":6}},"3":{"start":{"line":25,"column":4},"end":{"line":32,"column":7}},"4":{"start":{"line":35,"column":4},"end":{"line":35,"column":29}},"5":{"start":{"line":43,"column":4},"end":{"line":56,"column":6}},"6":{"start":{"line":45,"column":8},"end":{"line":47,"column":9}},"7":{"start":{"line":46,"column":10},"end":{"line":46,"column":92}},"8":{"start":{"line":48,"column":8},"end":{"line":48,"column":22}},"9":{"start":{"line":51,"column":8},"end":{"line":53,"column":9}},"10":{"start":{"line":52,"column":10},"end":{"line":52,"column":54}},"11":{"start":{"line":54,"column":8},"end":{"line":54,"column":37}},"12":{"start":{"line":59,"column":4},"end":{"line":86,"column":6}},"13":{"start":{"line":61,"column":8},"end":{"line":63,"column":9}},"14":{"start":{"line":62,"column":10},"end":{"line":62,"column":71}},"15":{"start":{"line":64,"column":8},"end":{"line":64,"column":24}},"16":{"start":{"line":67,"column":8},"end":{"line":69,"column":9}},"17":{"start":{"line":68,"column":10},"end":{"line":68,"column":84}},"18":{"start":{"line":72,"column":23},"end":{"line":72,"column":45}},"19":{"start":{"line":73,"column":21},"end":{"line":73,"column":41}},"20":{"start":{"line":74,"column":20},"end":{"line":74,"column":37}},"21":{"start":{"line":77,"column":25},"end":{"line":81,"column":null}},"22":{"start":{"line":84,"column":8},"end":{"line":84,"column":40}},"23":{"start":{"line":95,"column":18},"end":{"line":95,"column":19}},"24":{"start":{"line":98,"column":4},"end":{"line":123,"column":5}},"25":{"start":{"line":99,"column":6},"end":{"line":122,"column":7}},"26":{"start":{"line":100,"column":8},"end":{"line":100,"column":52}},"27":{"start":{"line":102,"column":8},"end":{"line":102,"column":26}},"28":{"start":{"line":105,"column":31},"end":{"line":105,"column":79}},"29":{"start":{"line":106,"column":31},"end":{"line":106,"column":60}},"30":{"start":{"line":107,"column":30},"end":{"line":107,"column":59}},"31":{"start":{"line":109,"column":8},"end":{"line":118,"column":9}},"32":{"start":{"line":110,"column":10},"end":{"line":110,"column":20}},"33":{"start":{"line":111,"column":10},"end":{"line":113,"column":11}},"34":{"start":{"line":112,"column":12},"end":{"line":112,"column":93}},"35":{"start":{"line":116,"column":10},"end":{"line":116,"column":84}},"36":{"start":{"line":116,"column":39},"end":{"line":116,"column":82}},"37":{"start":{"line":117,"column":10},"end":{"line":117,"column":19}},"38":{"start":{"line":121,"column":8},"end":{"line":121,"column":24}},"39":{"start":{"line":126,"column":4},"end":{"line":126,"column":20}},"40":{"start":{"line":136,"column":21},"end":{"line":140,"column":6}},"41":{"start":{"line":141,"column":4},"end":{"line":141,"column":25}},"42":{"start":{"line":151,"column":21},"end":{"line":155,"column":6}},"43":{"start":{"line":156,"column":4},"end":{"line":156,"column":25}},"44":{"start":{"line":166,"column":21},"end":{"line":170,"column":6}},"45":{"start":{"line":171,"column":4},"end":{"line":171,"column":25}},"46":{"start":{"line":181,"column":21},"end":{"line":185,"column":6}},"47":{"start":{"line":186,"column":4},"end":{"line":186,"column":25}},"48":{"start":{"line":196,"column":21},"end":{"line":200,"column":6}},"49":{"start":{"line":201,"column":4},"end":{"line":201,"column":25}},"50":{"start":{"line":7,"column":0},"end":{"line":7,"column":13}}},"fnMap":{"0":{"name":"(anonymous_1)","decl":{"start":{"line":15,"column":2},"end":{"line":15,"column":14}},"loc":{"start":{"line":15,"column":40},"end":{"line":36,"column":3}}},"1":{"name":"(anonymous_2)","decl":{"start":{"line":41,"column":10},"end":{"line":41,"column":27}},"loc":{"start":{"line":41,"column":27},"end":{"line":87,"column":3}}},"2":{"name":"(anonymous_3)","decl":{"start":{"line":44,"column":6},"end":{"line":44,"column":7}},"loc":{"start":{"line":44,"column":17},"end":{"line":49,"column":7}}},"3":{"name":"(anonymous_4)","decl":{"start":{"line":50,"column":6},"end":{"line":50,"column":7}},"loc":{"start":{"line":50,"column":16},"end":{"line":55,"column":7}}},"4":{"name":"(anonymous_5)","decl":{"start":{"line":60,"column":6},"end":{"line":60,"column":7}},"loc":{"start":{"line":60,"column":19},"end":{"line":65,"column":7}}},"5":{"name":"(anonymous_6)","decl":{"start":{"line":66,"column":6},"end":{"line":66,"column":11}},"loc":{"start":{"line":66,"column":22},"end":{"line":85,"column":7}}},"6":{"name":"(anonymous_7)","decl":{"start":{"line":94,"column":2},"end":{"line":94,"column":7}},"loc":{"start":{"line":94,"column":51},"end":{"line":127,"column":3}}},"7":{"name":"(anonymous_8)","decl":{"start":{"line":116,"column":28},"end":{"line":116,"column":35}},"loc":{"start":{"line":116,"column":39},"end":{"line":116,"column":82}}},"8":{"name":"(anonymous_9)","decl":{"start":{"line":135,"column":2},"end":{"line":135,"column":7}},"loc":{"start":{"line":135,"column":46},"end":{"line":142,"column":3}}},"9":{"name":"(anonymous_10)","decl":{"start":{"line":150,"column":2},"end":{"line":150,"column":7}},"loc":{"start":{"line":150,"column":45},"end":{"line":157,"column":3}}},"10":{"name":"(anonymous_11)","decl":{"start":{"line":165,"column":2},"end":{"line":165,"column":7}},"loc":{"start":{"line":165,"column":47},"end":{"line":172,"column":3}}},"11":{"name":"(anonymous_12)","decl":{"start":{"line":180,"column":2},"end":{"line":180,"column":7}},"loc":{"start":{"line":180,"column":44},"end":{"line":187,"column":3}}},"12":{"name":"(anonymous_13)","decl":{"start":{"line":195,"column":2},"end":{"line":195,"column":7}},"loc":{"start":{"line":195,"column":46},"end":{"line":202,"column":3}}}},"branchMap":{"0":{"loc":{"start":{"line":30,"column":12},"end":{"line":30,"column":70}},"type":"cond-expr","locations":[{"start":{"line":30,"column":33},"end":{"line":30,"column":65}},{"start":{"line":30,"column":68},"end":{"line":30,"column":70}}]},"1":{"loc":{"start":{"line":45,"column":8},"end":{"line":47,"column":9}},"type":"if","locations":[{"start":{"line":45,"column":8},"end":{"line":47,"column":9}}]},"2":{"loc":{"start":{"line":46,"column":73},"end":{"line":46,"column":90}},"type":"binary-expr","locations":[{"start":{"line":46,"column":73},"end":{"line":46,"column":84}},{"start":{"line":46,"column":88},"end":{"line":46,"column":90}}]},"3":{"loc":{"start":{"line":51,"column":8},"end":{"line":53,"column":9}},"type":"if","locations":[{"start":{"line":51,"column":8},"end":{"line":53,"column":9}}]},"4":{"loc":{"start":{"line":61,"column":8},"end":{"line":63,"column":9}},"type":"if","locations":[{"start":{"line":61,"column":8},"end":{"line":63,"column":9}}]},"5":{"loc":{"start":{"line":67,"column":8},"end":{"line":69,"column":9}},"type":"if","locations":[{"start":{"line":67,"column":8},"end":{"line":69,"column":9}}]},"6":{"loc":{"start":{"line":68,"column":45},"end":{"line":68,"column":82}},"type":"binary-expr","locations":[{"start":{"line":68,"column":45},"end":{"line":68,"column":65}},{"start":{"line":68,"column":69},"end":{"line":68,"column":82}}]},"7":{"loc":{"start":{"line":78,"column":10},"end":{"line":78,"column":63}},"type":"binary-expr","locations":[{"start":{"line":78,"column":10},"end":{"line":78,"column":23}},{"start":{"line":78,"column":27},"end":{"line":78,"column":40}},{"start":{"line":78,"column":44},"end":{"line":78,"column":63}}]},"8":{"loc":{"start":{"line":105,"column":31},"end":{"line":105,"column":79}},"type":"binary-expr","locations":[{"start":{"line":105,"column":31},"end":{"line":105,"column":46}},{"start":{"line":105,"column":50},"end":{"line":105,"column":79}}]},"9":{"loc":{"start":{"line":109,"column":8},"end":{"line":118,"column":9}},"type":"if","locations":[{"start":{"line":109,"column":8},"end":{"line":118,"column":9}}]},"10":{"loc":{"start":{"line":109,"column":12},"end":{"line":109,"column":100}},"type":"binary-expr","locations":[{"start":{"line":109,"column":13},"end":{"line":109,"column":27}},{"start":{"line":109,"column":31},"end":{"line":109,"column":45}},{"start":{"line":109,"column":49},"end":{"line":109,"column":62}},{"start":{"line":109,"column":67},"end":{"line":109,"column":100}}]},"11":{"loc":{"start":{"line":111,"column":10},"end":{"line":113,"column":11}},"type":"if","locations":[{"start":{"line":111,"column":10},"end":{"line":113,"column":11}}]}},"s":{"0":6,"1":6,"2":6,"3":6,"4":6,"5":6,"6":0,"7":0,"8":0,"9":0,"10":0,"11":0,"12":6,"13":0,"14":0,"15":0,"16":0,"17":0,"18":0,"19":0,"20":0,"21":0,"22":0,"23":4,"24":4,"25":6,"26":6,"27":3,"28":3,"29":3,"30":3,"31":3,"32":2,"33":2,"34":0,"35":2,"36":2,"37":2,"38":1,"39":0,"40":3,"41":2,"42":1,"43":1,"44":0,"45":0,"46":0,"47":0,"48":0,"49":0,"50":6},"f":{"0":6,"1":6,"2":0,"3":0,"4":0,"5":0,"6":4,"7":2,"8":3,"9":1,"10":0,"11":0,"12":0},"b":{"0":[1,5],"1":[0],"2":[0,0],"3":[0],"4":[0],"5":[0],"6":[0,0],"7":[0,0,0],"8":[3,2],"9":[2],"10":[3,1,1,2],"11":[0]}}
,"/Users/afv/Documents/sdk/src/modules/call/index.ts": {"path":"/Users/afv/Documents/sdk/src/modules/call/index.ts","statementMap":{"0":{"start":{"line":1,"column":0},"end":{"line":1,"column":52}},"1":{"start":{"line":21,"column":21},"end":{"line":21,"column":55}},"2":{"start":{"line":22,"column":4},"end":{"line":26,"column":7}},"3":{"start":{"line":6,"column":0},"end":{"line":6,"column":13}},"4":{"start":{"line":30,"column":0},"end":{"line":30,"column":24}}},"fnMap":{"0":{"name":"(anonymous_4)","decl":{"start":{"line":15,"column":2},"end":{"line":15,"column":7}},"loc":{"start":{"line":19,"column":25},"end":{"line":27,"column":3}}}},"branchMap":{"0":{"loc":{"start":{"line":17,"column":4},"end":{"line":17,"column":37}},"type":"default-arg","locations":[{"start":{"line":17,"column":30},"end":{"line":17,"column":37}}]},"1":{"loc":{"start":{"line":21,"column":21},"end":{"line":21,"column":55}},"type":"binary-expr","locations":[{"start":{"line":21,"column":21},"end":{"line":21,"column":33}},{"start":{"line":21,"column":37},"end":{"line":21,"column":55}}]}},"s":{"0":1,"1":0,"2":0,"3":1,"4":1},"f":{"0":0},"b":{"0":[0],"1":[0,0]}}
,"/Users/afv/Documents/sdk/src/modules/chat/index.ts": {"path":"/Users/afv/Documents/sdk/src/modules/chat/index.ts","statementMap":{"0":{"start":{"line":1,"column":0},"end":{"line":1,"column":52}},"1":{"start":{"line":14,"column":21},"end":{"line":14,"column":55}},"2":{"start":{"line":15,"column":4},"end":{"line":17,"column":7}},"3":{"start":{"line":27,"column":21},"end":{"line":27,"column":55}},"4":{"start":{"line":28,"column":4},"end":{"line":30,"column":7}},"5":{"start":{"line":41,"column":21},"end":{"line":41,"column":55}},"6":{"start":{"line":42,"column":4},"end":{"line":45,"column":7}},"7":{"start":{"line":55,"column":21},"end":{"line":55,"column":55}},"8":{"start":{"line":56,"column":4},"end":{"line":58,"column":7}},"9":{"start":{"line":70,"column":21},"end":{"line":70,"column":55}},"10":{"start":{"line":71,"column":4},"end":{"line":75,"column":7}},"11":{"start":{"line":85,"column":21},"end":{"line":85,"column":55}},"12":{"start":{"line":86,"column":4},"end":{"line":88,"column":7}},"13":{"start":{"line":98,"column":21},"end":{"line":98,"column":55}},"14":{"start":{"line":99,"column":4},"end":{"line":101,"column":7}},"15":{"start":{"line":6,"column":0},"end":{"line":6,"column":13}},"16":{"start":{"line":105,"column":0},"end":{"line":105,"column":24}}},"fnMap":{"0":{"name":"(anonymous_4)","decl":{"start":{"line":13,"column":2},"end":{"line":13,"column":7}},"loc":{"start":{"line":13,"column":57},"end":{"line":18,"column":3}}},"1":{"name":"(anonymous_5)","decl":{"start":{"line":26,"column":2},"end":{"line":26,"column":7}},"loc":{"start":{"line":26,"column":58},"end":{"line":31,"column":3}}},"2":{"name":"(anonymous_6)","decl":{"start":{"line":40,"column":2},"end":{"line":40,"column":7}},"loc":{"start":{"line":40,"column":75},"end":{"line":46,"column":3}}},"3":{"name":"(anonymous_7)","decl":{"start":{"line":54,"column":2},"end":{"line":54,"column":7}},"loc":{"start":{"line":54,"column":60},"end":{"line":59,"column":3}}},"4":{"name":"(anonymous_8)","decl":{"start":{"line":69,"column":2},"end":{"line":69,"column":7}},"loc":{"start":{"line":69,"column":94},"end":{"line":76,"column":3}}},"5":{"name":"(anonymous_9)","decl":{"start":{"line":84,"column":2},"end":{"line":84,"column":7}},"loc":{"start":{"line":84,"column":65},"end":{"line":89,"column":3}}},"6":{"name":"(anonymous_10)","decl":{"start":{"line":97,"column":2},"end":{"line":97,"column":7}},"loc":{"start":{"line":97,"column":74},"end":{"line":102,"column":3}}}},"branchMap":{"0":{"loc":{"start":{"line":14,"column":21},"end":{"line":14,"column":55}},"type":"binary-expr","locations":[{"start":{"line":14,"column":21},"end":{"line":14,"column":33}},{"start":{"line":14,"column":37},"end":{"line":14,"column":55}}]},"1":{"loc":{"start":{"line":27,"column":21},"end":{"line":27,"column":55}},"type":"binary-expr","locations":[{"start":{"line":27,"column":21},"end":{"line":27,"column":33}},{"start":{"line":27,"column":37},"end":{"line":27,"column":55}}]},"2":{"loc":{"start":{"line":41,"column":21},"end":{"line":41,"column":55}},"type":"binary-expr","locations":[{"start":{"line":41,"column":21},"end":{"line":41,"column":33}},{"start":{"line":41,"column":37},"end":{"line":41,"column":55}}]},"3":{"loc":{"start":{"line":55,"column":21},"end":{"line":55,"column":55}},"type":"binary-expr","locations":[{"start":{"line":55,"column":21},"end":{"line":55,"column":33}},{"start":{"line":55,"column":37},"end":{"line":55,"column":55}}]},"4":{"loc":{"start":{"line":69,"column":57},"end":{"line":69,"column":71}},"type":"default-arg","locations":[{"start":{"line":69,"column":66},"end":{"line":69,"column":71}}]},"5":{"loc":{"start":{"line":70,"column":21},"end":{"line":70,"column":55}},"type":"binary-expr","locations":[{"start":{"line":70,"column":21},"end":{"line":70,"column":33}},{"start":{"line":70,"column":37},"end":{"line":70,"column":55}}]},"6":{"loc":{"start":{"line":85,"column":21},"end":{"line":85,"column":55}},"type":"binary-expr","locations":[{"start":{"line":85,"column":21},"end":{"line":85,"column":33}},{"start":{"line":85,"column":37},"end":{"line":85,"column":55}}]},"7":{"loc":{"start":{"line":98,"column":21},"end":{"line":98,"column":55}},"type":"binary-expr","locations":[{"start":{"line":98,"column":21},"end":{"line":98,"column":33}},{"start":{"line":98,"column":37},"end":{"line":98,"column":55}}]}},"s":{"0":1,"1":0,"2":0,"3":0,"4":0,"5":0,"6":0,"7":0,"8":0,"9":0,"10":0,"11":0,"12":0,"13":0,"14":0,"15":1,"16":1},"f":{"0":0,"1":0,"2":0,"3":0,"4":0,"5":0,"6":0},"b":{"0":[0,0],"1":[0,0],"2":[0,0],"3":[0,0],"4":[0],"5":[0,0],"6":[0,0],"7":[0,0]}}
,"/Users/afv/Documents/sdk/src/modules/group/index.ts": {"path":"/Users/afv/Documents/sdk/src/modules/group/index.ts","statementMap":{"0":{"start":{"line":1,"column":0},"end":{"line":1,"column":52}},"1":{"start":{"line":15,"column":21},"end":{"line":15,"column":55}},"2":{"start":{"line":16,"column":4},"end":{"line":19,"column":7}},"3":{"start":{"line":30,"column":21},"end":{"line":30,"column":55}},"4":{"start":{"line":31,"column":4},"end":{"line":34,"column":7}},"5":{"start":{"line":45,"column":21},"end":{"line":45,"column":55}},"6":{"start":{"line":46,"column":4},"end":{"line":49,"column":7}},"7":{"start":{"line":60,"column":21},"end":{"line":60,"column":55}},"8":{"start":{"line":61,"column":4},"end":{"line":64,"column":7}},"9":{"start":{"line":74,"column":21},"end":{"line":74,"column":55}},"10":{"start":{"line":75,"column":4},"end":{"line":75,"column":97}},"11":{"start":{"line":85,"column":21},"end":{"line":85,"column":55}},"12":{"start":{"line":86,"column":4},"end":{"line":88,"column":7}},"13":{"start":{"line":97,"column":21},"end":{"line":97,"column":55}},"14":{"start":{"line":98,"column":4},"end":{"line":98,"column":67}},"15":{"start":{"line":115,"column":21},"end":{"line":115,"column":55}},"16":{"start":{"line":116,"column":4},"end":{"line":120,"column":7}},"17":{"start":{"line":130,"column":21},"end":{"line":130,"column":55}},"18":{"start":{"line":131,"column":4},"end":{"line":131,"column":95}},"19":{"start":{"line":6,"column":0},"end":{"line":6,"column":13}},"20":{"start":{"line":135,"column":0},"end":{"line":135,"column":24}}},"fnMap":{"0":{"name":"(anonymous_4)","decl":{"start":{"line":14,"column":2},"end":{"line":14,"column":7}},"loc":{"start":{"line":14,"column":79},"end":{"line":20,"column":3}}},"1":{"name":"(anonymous_5)","decl":{"start":{"line":29,"column":2},"end":{"line":29,"column":7}},"loc":{"start":{"line":29,"column":75},"end":{"line":35,"column":3}}},"2":{"name":"(anonymous_6)","decl":{"start":{"line":44,"column":2},"end":{"line":44,"column":7}},"loc":{"start":{"line":44,"column":77},"end":{"line":50,"column":3}}},"3":{"name":"(anonymous_7)","decl":{"start":{"line":59,"column":2},"end":{"line":59,"column":7}},"loc":{"start":{"line":59,"column":85},"end":{"line":65,"column":3}}},"4":{"name":"(anonymous_8)","decl":{"start":{"line":73,"column":2},"end":{"line":73,"column":7}},"loc":{"start":{"line":73,"column":62},"end":{"line":76,"column":3}}},"5":{"name":"(anonymous_9)","decl":{"start":{"line":84,"column":2},"end":{"line":84,"column":7}},"loc":{"start":{"line":84,"column":63},"end":{"line":89,"column":3}}},"6":{"name":"(anonymous_10)","decl":{"start":{"line":96,"column":2},"end":{"line":96,"column":7}},"loc":{"start":{"line":96,"column":38},"end":{"line":99,"column":3}}},"7":{"name":"(anonymous_11)","decl":{"start":{"line":109,"column":2},"end":{"line":109,"column":7}},"loc":{"start":{"line":113,"column":25},"end":{"line":121,"column":3}}},"8":{"name":"(anonymous_12)","decl":{"start":{"line":129,"column":2},"end":{"line":129,"column":7}},"loc":{"start":{"line":129,"column":52},"end":{"line":132,"column":3}}}},"branchMap":{"0":{"loc":{"start":{"line":15,"column":21},"end":{"line":15,"column":55}},"type":"binary-expr","locations":[{"start":{"line":15,"column":21},"end":{"line":15,"column":33}},{"start":{"line":15,"column":37},"end":{"line":15,"column":55}}]},"1":{"loc":{"start":{"line":30,"column":21},"end":{"line":30,"column":55}},"type":"binary-expr","locations":[{"start":{"line":30,"column":21},"end":{"line":30,"column":33}},{"start":{"line":30,"column":37},"end":{"line":30,"column":55}}]},"2":{"loc":{"start":{"line":45,"column":21},"end":{"line":45,"column":55}},"type":"binary-expr","locations":[{"start":{"line":45,"column":21},"end":{"line":45,"column":33}},{"start":{"line":45,"column":37},"end":{"line":45,"column":55}}]},"3":{"loc":{"start":{"line":60,"column":21},"end":{"line":60,"column":55}},"type":"binary-expr","locations":[{"start":{"line":60,"column":21},"end":{"line":60,"column":33}},{"start":{"line":60,"column":37},"end":{"line":60,"column":55}}]},"4":{"loc":{"start":{"line":74,"column":21},"end":{"line":74,"column":55}},"type":"binary-expr","locations":[{"start":{"line":74,"column":21},"end":{"line":74,"column":33}},{"start":{"line":74,"column":37},"end":{"line":74,"column":55}}]},"5":{"loc":{"start":{"line":85,"column":21},"end":{"line":85,"column":55}},"type":"binary-expr","locations":[{"start":{"line":85,"column":21},"end":{"line":85,"column":33}},{"start":{"line":85,"column":37},"end":{"line":85,"column":55}}]},"6":{"loc":{"start":{"line":97,"column":21},"end":{"line":97,"column":55}},"type":"binary-expr","locations":[{"start":{"line":97,"column":21},"end":{"line":97,"column":33}},{"start":{"line":97,"column":37},"end":{"line":97,"column":55}}]},"7":{"loc":{"start":{"line":115,"column":21},"end":{"line":115,"column":55}},"type":"binary-expr","locations":[{"start":{"line":115,"column":21},"end":{"line":115,"column":33}},{"start":{"line":115,"column":37},"end":{"line":115,"column":55}}]},"8":{"loc":{"start":{"line":130,"column":21},"end":{"line":130,"column":55}},"type":"binary-expr","locations":[{"start":{"line":130,"column":21},"end":{"line":130,"column":33}},{"start":{"line":130,"column":37},"end":{"line":130,"column":55}}]}},"s":{"0":1,"1":0,"2":0,"3":0,"4":0,"5":0,"6":0,"7":0,"8":0,"9":0,"10":0,"11":0,"12":0,"13":0,"14":0,"15":0,"16":0,"17":0,"18":0,"19":1,"20":1},"f":{"0":0,"1":0,"2":0,"3":0,"4":0,"5":0,"6":0,"7":0,"8":0},"b":{"0":[0,0],"1":[0,0],"2":[0,0],"3":[0,0],"4":[0,0],"5":[0,0],"6":[0,0],"7":[0,0],"8":[0,0]}}
,"/Users/afv/Documents/sdk/src/modules/instance/index.ts": {"path":"/Users/afv/Documents/sdk/src/modules/instance/index.ts","statementMap":{"0":{"start":{"line":1,"column":0},"end":{"line":1,"column":52}},"1":{"start":{"line":14,"column":4},"end":{"line":14,"column":65}},"2":{"start":{"line":22,"column":4},"end":{"line":22,"column":65}},"3":{"start":{"line":31,"column":21},"end":{"line":31,"column":55}},"4":{"start":{"line":32,"column":4},"end":{"line":32,"column":63}},"5":{"start":{"line":41,"column":21},"end":{"line":41,"column":55}},"6":{"start":{"line":42,"column":4},"end":{"line":42,"column":64}},"7":{"start":{"line":52,"column":21},"end":{"line":52,"column":55}},"8":{"start":{"line":53,"column":4},"end":{"line":53,"column":77}},"9":{"start":{"line":62,"column":21},"end":{"line":62,"column":55}},"10":{"start":{"line":63,"column":4},"end":{"line":63,"column":71}},"11":{"start":{"line":72,"column":21},"end":{"line":72,"column":55}},"12":{"start":{"line":73,"column":4},"end":{"line":73,"column":65}},"13":{"start":{"line":82,"column":21},"end":{"line":82,"column":55}},"14":{"start":{"line":83,"column":4},"end":{"line":83,"column":65}},"15":{"start":{"line":7,"column":0},"end":{"line":7,"column":13}},"16":{"start":{"line":87,"column":0},"end":{"line":87,"column":24}}},"fnMap":{"0":{"name":"(anonymous_4)","decl":{"start":{"line":13,"column":2},"end":{"line":13,"column":7}},"loc":{"start":{"line":13,"column":45},"end":{"line":15,"column":3}}},"1":{"name":"(anonymous_5)","decl":{"start":{"line":21,"column":2},"end":{"line":21,"column":7}},"loc":{"start":{"line":21,"column":22},"end":{"line":23,"column":3}}},"2":{"name":"(anonymous_6)","decl":{"start":{"line":30,"column":2},"end":{"line":30,"column":7}},"loc":{"start":{"line":30,"column":37},"end":{"line":33,"column":3}}},"3":{"name":"(anonymous_7)","decl":{"start":{"line":40,"column":2},"end":{"line":40,"column":7}},"loc":{"start":{"line":40,"column":37},"end":{"line":43,"column":3}}},"4":{"name":"(anonymous_8)","decl":{"start":{"line":51,"column":2},"end":{"line":51,"column":7}},"loc":{"start":{"line":51,"column":70},"end":{"line":54,"column":3}}},"5":{"name":"(anonymous_9)","decl":{"start":{"line":61,"column":2},"end":{"line":61,"column":7}},"loc":{"start":{"line":61,"column":48},"end":{"line":64,"column":3}}},"6":{"name":"(anonymous_10)","decl":{"start":{"line":71,"column":2},"end":{"line":71,"column":7}},"loc":{"start":{"line":71,"column":36},"end":{"line":74,"column":3}}},"7":{"name":"(anonymous_11)","decl":{"start":{"line":81,"column":2},"end":{"line":81,"column":7}},"loc":{"start":{"line":81,"column":36},"end":{"line":84,"column":3}}}},"branchMap":{"0":{"loc":{"start":{"line":31,"column":21},"end":{"line":31,"column":55}},"type":"binary-expr","locations":[{"start":{"line":31,"column":21},"end":{"line":31,"column":33}},{"start":{"line":31,"column":37},"end":{"line":31,"column":55}}]},"1":{"loc":{"start":{"line":41,"column":21},"end":{"line":41,"column":55}},"type":"binary-expr","locations":[{"start":{"line":41,"column":21},"end":{"line":41,"column":33}},{"start":{"line":41,"column":37},"end":{"line":41,"column":55}}]},"2":{"loc":{"start":{"line":52,"column":21},"end":{"line":52,"column":55}},"type":"binary-expr","locations":[{"start":{"line":52,"column":21},"end":{"line":52,"column":33}},{"start":{"line":52,"column":37},"end":{"line":52,"column":55}}]},"3":{"loc":{"start":{"line":62,"column":21},"end":{"line":62,"column":55}},"type":"binary-expr","locations":[{"start":{"line":62,"column":21},"end":{"line":62,"column":33}},{"start":{"line":62,"column":37},"end":{"line":62,"column":55}}]},"4":{"loc":{"start":{"line":72,"column":21},"end":{"line":72,"column":55}},"type":"binary-expr","locations":[{"start":{"line":72,"column":21},"end":{"line":72,"column":33}},{"start":{"line":72,"column":37},"end":{"line":72,"column":55}}]},"5":{"loc":{"start":{"line":82,"column":21},"end":{"line":82,"column":55}},"type":"binary-expr","locations":[{"start":{"line":82,"column":21},"end":{"line":82,"column":33}},{"start":{"line":82,"column":37},"end":{"line":82,"column":55}}]}},"s":{"0":2,"1":1,"2":1,"3":2,"4":2,"5":1,"6":1,"7":1,"8":1,"9":1,"10":1,"11":1,"12":1,"13":1,"14":1,"15":2,"16":2},"f":{"0":1,"1":1,"2":2,"3":1,"4":1,"5":1,"6":1,"7":1},"b":{"0":[2,1],"1":[1,1],"2":[1,1],"3":[1,1],"4":[1,1],"5":[1,1]}}
,"/Users/afv/Documents/sdk/src/modules/integrations/index.ts": {"path":"/Users/afv/Documents/sdk/src/modules/integrations/index.ts","statementMap":{"0":{"start":{"line":1,"column":0},"end":{"line":1,"column":52}},"1":{"start":{"line":21,"column":21},"end":{"line":21,"column":55}},"2":{"start":{"line":22,"column":4},"end":{"line":31,"column":7}},"3":{"start":{"line":53,"column":21},"end":{"line":53,"column":55}},"4":{"start":{"line":54,"column":4},"end":{"line":57,"column":7}},"5":{"start":{"line":72,"column":21},"end":{"line":72,"column":55}},"6":{"start":{"line":73,"column":4},"end":{"line":76,"column":7}},"7":{"start":{"line":6,"column":0},"end":{"line":6,"column":13}},"8":{"start":{"line":80,"column":0},"end":{"line":80,"column":24}}},"fnMap":{"0":{"name":"(anonymous_4)","decl":{"start":{"line":15,"column":2},"end":{"line":15,"column":7}},"loc":{"start":{"line":19,"column":25},"end":{"line":32,"column":3}}},"1":{"name":"(anonymous_5)","decl":{"start":{"line":41,"column":2},"end":{"line":41,"column":7}},"loc":{"start":{"line":51,"column":25},"end":{"line":58,"column":3}}},"2":{"name":"(anonymous_6)","decl":{"start":{"line":67,"column":2},"end":{"line":67,"column":7}},"loc":{"start":{"line":70,"column":25},"end":{"line":77,"column":3}}}},"branchMap":{"0":{"loc":{"start":{"line":21,"column":21},"end":{"line":21,"column":55}},"type":"binary-expr","locations":[{"start":{"line":21,"column":21},"end":{"line":21,"column":33}},{"start":{"line":21,"column":37},"end":{"line":21,"column":55}}]},"1":{"loc":{"start":{"line":26,"column":17},"end":{"line":26,"column":41}},"type":"binary-expr","locations":[{"start":{"line":26,"column":17},"end":{"line":26,"column":33}},{"start":{"line":26,"column":37},"end":{"line":26,"column":41}}]},"2":{"loc":{"start":{"line":27,"column":16},"end":{"line":27,"column":40}},"type":"binary-expr","locations":[{"start":{"line":27,"column":16},"end":{"line":27,"column":31}},{"start":{"line":27,"column":35},"end":{"line":27,"column":40}}]},"3":{"loc":{"start":{"line":53,"column":21},"end":{"line":53,"column":55}},"type":"binary-expr","locations":[{"start":{"line":53,"column":21},"end":{"line":53,"column":33}},{"start":{"line":53,"column":37},"end":{"line":53,"column":55}}]},"4":{"loc":{"start":{"line":72,"column":21},"end":{"line":72,"column":55}},"type":"binary-expr","locations":[{"start":{"line":72,"column":21},"end":{"line":72,"column":33}},{"start":{"line":72,"column":37},"end":{"line":72,"column":55}}]}},"s":{"0":1,"1":0,"2":0,"3":0,"4":0,"5":0,"6":0,"7":1,"8":1},"f":{"0":0,"1":0,"2":0},"b":{"0":[0,0],"1":[0,0],"2":[0,0],"3":[0,0],"4":[0,0]}}
,"/Users/afv/Documents/sdk/src/modules/label/index.ts": {"path":"/Users/afv/Documents/sdk/src/modules/label/index.ts","statementMap":{"0":{"start":{"line":1,"column":0},"end":{"line":1,"column":52}},"1":{"start":{"line":13,"column":21},"end":{"line":13,"column":55}},"2":{"start":{"line":14,"column":4},"end":{"line":14,"column":63}},"3":{"start":{"line":31,"column":21},"end":{"line":31,"column":55}},"4":{"start":{"line":32,"column":4},"end":{"line":36,"column":7}},"5":{"start":{"line":6,"column":0},"end":{"line":6,"column":13}},"6":{"start":{"line":40,"column":0},"end":{"line":40,"column":24}}},"fnMap":{"0":{"name":"(anonymous_4)","decl":{"start":{"line":12,"column":2},"end":{"line":12,"column":7}},"loc":{"start":{"line":12,"column":40},"end":{"line":15,"column":3}}},"1":{"name":"(anonymous_5)","decl":{"start":{"line":25,"column":2},"end":{"line":25,"column":7}},"loc":{"start":{"line":29,"column":25},"end":{"line":37,"column":3}}}},"branchMap":{"0":{"loc":{"start":{"line":13,"column":21},"end":{"line":13,"column":55}},"type":"binary-expr","locations":[{"start":{"line":13,"column":21},"end":{"line":13,"column":33}},{"start":{"line":13,"column":37},"end":{"line":13,"column":55}}]},"1":{"loc":{"start":{"line":31,"column":21},"end":{"line":31,"column":55}},"type":"binary-expr","locations":[{"start":{"line":31,"column":21},"end":{"line":31,"column":33}},{"start":{"line":31,"column":37},"end":{"line":31,"column":55}}]}},"s":{"0":1,"1":0,"2":0,"3":0,"4":0,"5":1,"6":1},"f":{"0":0,"1":0},"b":{"0":[0,0],"1":[0,0]}}
,"/Users/afv/Documents/sdk/src/modules/message/index.ts": {"path":"/Users/afv/Documents/sdk/src/modules/message/index.ts","statementMap":{"0":{"start":{"line":1,"column":0},"end":{"line":1,"column":52}},"1":{"start":{"line":28,"column":21},"end":{"line":28,"column":55}},"2":{"start":{"line":29,"column":4},"end":{"line":29,"column":73}},"3":{"start":{"line":39,"column":21},"end":{"line":39,"column":55}},"4":{"start":{"line":40,"column":4},"end":{"line":40,"column":74}},"5":{"start":{"line":50,"column":21},"end":{"line":50,"column":55}},"6":{"start":{"line":51,"column":4},"end":{"line":51,"column":72}},"7":{"start":{"line":61,"column":21},"end":{"line":61,"column":55}},"8":{"start":{"line":62,"column":4},"end":{"line":62,"column":82}},"9":{"start":{"line":72,"column":21},"end":{"line":72,"column":55}},"10":{"start":{"line":73,"column":4},"end":{"line":73,"column":75}},"11":{"start":{"line":83,"column":21},"end":{"line":83,"column":55}},"12":{"start":{"line":84,"column":4},"end":{"line":84,"column":76}},"13":{"start":{"line":94,"column":21},"end":{"line":94,"column":55}},"14":{"start":{"line":95,"column":4},"end":{"line":95,"column":77}},"15":{"start":{"line":105,"column":21},"end":{"line":105,"column":55}},"16":{"start":{"line":106,"column":4},"end":{"line":106,"column":76}},"17":{"start":{"line":116,"column":21},"end":{"line":116,"column":55}},"18":{"start":{"line":117,"column":4},"end":{"line":117,"column":77}},"19":{"start":{"line":127,"column":21},"end":{"line":127,"column":55}},"20":{"start":{"line":128,"column":4},"end":{"line":128,"column":73}},"21":{"start":{"line":138,"column":21},"end":{"line":138,"column":55}},"22":{"start":{"line":139,"column":4},"end":{"line":139,"column":73}},"23":{"start":{"line":149,"column":21},"end":{"line":149,"column":55}},"24":{"start":{"line":150,"column":4},"end":{"line":150,"column":75}},"25":{"start":{"line":20,"column":0},"end":{"line":20,"column":13}},"26":{"start":{"line":154,"column":0},"end":{"line":154,"column":24}}},"fnMap":{"0":{"name":"(anonymous_4)","decl":{"start":{"line":27,"column":2},"end":{"line":27,"column":7}},"loc":{"start":{"line":27,"column":64},"end":{"line":30,"column":3}}},"1":{"name":"(anonymous_5)","decl":{"start":{"line":38,"column":2},"end":{"line":38,"column":7}},"loc":{"start":{"line":38,"column":66},"end":{"line":41,"column":3}}},"2":{"name":"(anonymous_6)","decl":{"start":{"line":49,"column":2},"end":{"line":49,"column":7}},"loc":{"start":{"line":49,"column":62},"end":{"line":52,"column":3}}},"3":{"name":"(anonymous_7)","decl":{"start":{"line":60,"column":2},"end":{"line":60,"column":7}},"loc":{"start":{"line":60,"column":82},"end":{"line":63,"column":3}}},"4":{"name":"(anonymous_8)","decl":{"start":{"line":71,"column":2},"end":{"line":71,"column":7}},"loc":{"start":{"line":71,"column":68},"end":{"line":74,"column":3}}},"5":{"name":"(anonymous_9)","decl":{"start":{"line":82,"column":2},"end":{"line":82,"column":7}},"loc":{"start":{"line":82,"column":70},"end":{"line":85,"column":3}}},"6":{"name":"(anonymous_10)","decl":{"start":{"line":93,"column":2},"end":{"line":93,"column":7}},"loc":{"start":{"line":93,"column":72},"end":{"line":96,"column":3}}},"7":{"name":"(anonymous_11)","decl":{"start":{"line":104,"column":2},"end":{"line":104,"column":7}},"loc":{"start":{"line":104,"column":70},"end":{"line":107,"column":3}}},"8":{"name":"(anonymous_12)","decl":{"start":{"line":115,"column":2},"end":{"line":115,"column":7}},"loc":{"start":{"line":115,"column":72},"end":{"line":118,"column":3}}},"9":{"name":"(anonymous_13)","decl":{"start":{"line":126,"column":2},"end":{"line":126,"column":7}},"loc":{"start":{"line":126,"column":64},"end":{"line":129,"column":3}}},"10":{"name":"(anonymous_14)","decl":{"start":{"line":137,"column":2},"end":{"line":137,"column":7}},"loc":{"start":{"line":137,"column":64},"end":{"line":140,"column":3}}},"11":{"name":"(anonymous_15)","decl":{"start":{"line":148,"column":2},"end":{"line":148,"column":7}},"loc":{"start":{"line":148,"column":68},"end":{"line":151,"column":3}}}},"branchMap":{"0":{"loc":{"start":{"line":28,"column":21},"end":{"line":28,"column":55}},"type":"binary-expr","locations":[{"start":{"line":28,"column":21},"end":{"line":28,"column":33}},{"start":{"line":28,"column":37},"end":{"line":28,"column":55}}]},"1":{"loc":{"start":{"line":39,"column":21},"end":{"line":39,"column":55}},"type":"binary-expr","locations":[{"start":{"line":39,"column":21},"end":{"line":39,"column":33}},{"start":{"line":39,"column":37},"end":{"line":39,"column":55}}]},"2":{"loc":{"start":{"line":50,"column":21},"end":{"line":50,"column":55}},"type":"binary-expr","locations":[{"start":{"line":50,"column":21},"end":{"line":50,"column":33}},{"start":{"line":50,"column":37},"end":{"line":50,"column":55}}]},"3":{"loc":{"start":{"line":61,"column":21},"end":{"line":61,"column":55}},"type":"binary-expr","locations":[{"start":{"line":61,"column":21},"end":{"line":61,"column":33}},{"start":{"line":61,"column":37},"end":{"line":61,"column":55}}]},"4":{"loc":{"start":{"line":72,"column":21},"end":{"line":72,"column":55}},"type":"binary-expr","locations":[{"start":{"line":72,"column":21},"end":{"line":72,"column":33}},{"start":{"line":72,"column":37},"end":{"line":72,"column":55}}]},"5":{"loc":{"start":{"line":83,"column":21},"end":{"line":83,"column":55}},"type":"binary-expr","locations":[{"start":{"line":83,"column":21},"end":{"line":83,"column":33}},{"start":{"line":83,"column":37},"end":{"line":83,"column":55}}]},"6":{"loc":{"start":{"line":94,"column":21},"end":{"line":94,"column":55}},"type":"binary-expr","locations":[{"start":{"line":94,"column":21},"end":{"line":94,"column":33}},{"start":{"line":94,"column":37},"end":{"line":94,"column":55}}]},"7":{"loc":{"start":{"line":105,"column":21},"end":{"line":105,"column":55}},"type":"binary-expr","locations":[{"start":{"line":105,"column":21},"end":{"line":105,"column":33}},{"start":{"line":105,"column":37},"end":{"line":105,"column":55}}]},"8":{"loc":{"start":{"line":116,"column":21},"end":{"line":116,"column":55}},"type":"binary-expr","locations":[{"start":{"line":116,"column":21},"end":{"line":116,"column":33}},{"start":{"line":116,"column":37},"end":{"line":116,"column":55}}]},"9":{"loc":{"start":{"line":127,"column":21},"end":{"line":127,"column":55}},"type":"binary-expr","locations":[{"start":{"line":127,"column":21},"end":{"line":127,"column":33}},{"start":{"line":127,"column":37},"end":{"line":127,"column":55}}]},"10":{"loc":{"start":{"line":138,"column":21},"end":{"line":138,"column":55}},"type":"binary-expr","locations":[{"start":{"line":138,"column":21},"end":{"line":138,"column":33}},{"start":{"line":138,"column":37},"end":{"line":138,"column":55}}]},"11":{"loc":{"start":{"line":149,"column":21},"end":{"line":149,"column":55}},"type":"binary-expr","locations":[{"start":{"line":149,"column":21},"end":{"line":149,"column":33}},{"start":{"line":149,"column":37},"end":{"line":149,"column":55}}]}},"s":{"0":2,"1":2,"2":2,"3":2,"4":2,"5":0,"6":0,"7":0,"8":0,"9":0,"10":0,"11":1,"12":1,"13":1,"14":1,"15":1,"16":1,"17":0,"18":0,"19":0,"20":0,"21":0,"22":0,"23":0,"24":0,"25":2,"26":2},"f":{"0":2,"1":2,"2":0,"3":0,"4":0,"5":1,"6":1,"7":1,"8":0,"9":0,"10":0,"11":0},"b":{"0":[2,1],"1":[2,2],"2":[0,0],"3":[0,0],"4":[0,0],"5":[1,1],"6":[1,1],"7":[1,1],"8":[0,0],"9":[0,0],"10":[0,0],"11":[0,0]}}
,"/Users/afv/Documents/sdk/src/modules/profile/index.ts": {"path":"/Users/afv/Documents/sdk/src/modules/profile/index.ts","statementMap":{"0":{"start":{"line":1,"column":0},"end":{"line":1,"column":52}},"1":{"start":{"line":13,"column":21},"end":{"line":13,"column":55}},"2":{"start":{"line":14,"column":4},"end":{"line":14,"column":80}},"3":{"start":{"line":23,"column":21},"end":{"line":23,"column":55}},"4":{"start":{"line":24,"column":4},"end":{"line":24,"column":72}},"5":{"start":{"line":34,"column":21},"end":{"line":34,"column":55}},"6":{"start":{"line":35,"column":4},"end":{"line":37,"column":7}},"7":{"start":{"line":47,"column":21},"end":{"line":47,"column":55}},"8":{"start":{"line":48,"column":4},"end":{"line":50,"column":7}},"9":{"start":{"line":60,"column":21},"end":{"line":60,"column":55}},"10":{"start":{"line":61,"column":4},"end":{"line":63,"column":7}},"11":{"start":{"line":72,"column":21},"end":{"line":72,"column":55}},"12":{"start":{"line":73,"column":4},"end":{"line":73,"column":78}},"13":{"start":{"line":82,"column":21},"end":{"line":82,"column":55}},"14":{"start":{"line":83,"column":4},"end":{"line":83,"column":75}},"15":{"start":{"line":103,"column":21},"end":{"line":103,"column":55}},"16":{"start":{"line":104,"column":4},"end":{"line":104,"column":86}},"17":{"start":{"line":6,"column":0},"end":{"line":6,"column":13}},"18":{"start":{"line":108,"column":0},"end":{"line":108,"column":24}}},"fnMap":{"0":{"name":"(anonymous_4)","decl":{"start":{"line":12,"column":2},"end":{"line":12,"column":7}},"loc":{"start":{"line":12,"column":50},"end":{"line":15,"column":3}}},"1":{"name":"(anonymous_5)","decl":{"start":{"line":22,"column":2},"end":{"line":22,"column":7}},"loc":{"start":{"line":22,"column":42},"end":{"line":25,"column":3}}},"2":{"name":"(anonymous_6)","decl":{"start":{"line":33,"column":2},"end":{"line":33,"column":7}},"loc":{"start":{"line":33,"column":61},"end":{"line":38,"column":3}}},"3":{"name":"(anonymous_7)","decl":{"start":{"line":46,"column":2},"end":{"line":46,"column":7}},"loc":{"start":{"line":46,"column":65},"end":{"line":51,"column":3}}},"4":{"name":"(anonymous_8)","decl":{"start":{"line":59,"column":2},"end":{"line":59,"column":7}},"loc":{"start":{"line":59,"column":67},"end":{"line":64,"column":3}}},"5":{"name":"(anonymous_9)","decl":{"start":{"line":71,"column":2},"end":{"line":71,"column":7}},"loc":{"start":{"line":71,"column":50},"end":{"line":74,"column":3}}},"6":{"name":"(anonymous_10)","decl":{"start":{"line":81,"column":2},"end":{"line":81,"column":7}},"loc":{"start":{"line":81,"column":50},"end":{"line":84,"column":3}}},"7":{"name":"(anonymous_11)","decl":{"start":{"line":92,"column":2},"end":{"line":92,"column":7}},"loc":{"start":{"line":101,"column":25},"end":{"line":105,"column":3}}}},"branchMap":{"0":{"loc":{"start":{"line":13,"column":21},"end":{"line":13,"column":55}},"type":"binary-expr","locations":[{"start":{"line":13,"column":21},"end":{"line":13,"column":33}},{"start":{"line":13,"column":37},"end":{"line":13,"column":55}}]},"1":{"loc":{"start":{"line":23,"column":21},"end":{"line":23,"column":55}},"type":"binary-expr","locations":[{"start":{"line":23,"column":21},"end":{"line":23,"column":33}},{"start":{"line":23,"column":37},"end":{"line":23,"column":55}}]},"2":{"loc":{"start":{"line":34,"column":21},"end":{"line":34,"column":55}},"type":"binary-expr","locations":[{"start":{"line":34,"column":21},"end":{"line":34,"column":33}},{"start":{"line":34,"column":37},"end":{"line":34,"column":55}}]},"3":{"loc":{"start":{"line":47,"column":21},"end":{"line":47,"column":55}},"type":"binary-expr","locations":[{"start":{"line":47,"column":21},"end":{"line":47,"column":33}},{"start":{"line":47,"column":37},"end":{"line":47,"column":55}}]},"4":{"loc":{"start":{"line":60,"column":21},"end":{"line":60,"column":55}},"type":"binary-expr","locations":[{"start":{"line":60,"column":21},"end":{"line":60,"column":33}},{"start":{"line":60,"column":37},"end":{"line":60,"column":55}}]},"5":{"loc":{"start":{"line":72,"column":21},"end":{"line":72,"column":55}},"type":"binary-expr","locations":[{"start":{"line":72,"column":21},"end":{"line":72,"column":33}},{"start":{"line":72,"column":37},"end":{"line":72,"column":55}}]},"6":{"loc":{"start":{"line":82,"column":21},"end":{"line":82,"column":55}},"type":"binary-expr","locations":[{"start":{"line":82,"column":21},"end":{"line":82,"column":33}},{"start":{"line":82,"column":37},"end":{"line":82,"column":55}}]},"7":{"loc":{"start":{"line":103,"column":21},"end":{"line":103,"column":55}},"type":"binary-expr","locations":[{"start":{"line":103,"column":21},"end":{"line":103,"column":33}},{"start":{"line":103,"column":37},"end":{"line":103,"column":55}}]}},"s":{"0":1,"1":0,"2":0,"3":0,"4":0,"5":0,"6":0,"7":0,"8":0,"9":0,"10":0,"11":0,"12":0,"13":0,"14":0,"15":0,"16":0,"17":1,"18":1},"f":{"0":0,"1":0,"2":0,"3":0,"4":0,"5":0,"6":0,"7":0},"b":{"0":[0,0],"1":[0,0],"2":[0,0],"3":[0,0],"4":[0,0],"5":[0,0],"6":[0,0],"7":[0,0]}}
,"/Users/afv/Documents/sdk/src/modules/proxy/index.ts": {"path":"/Users/afv/Documents/sdk/src/modules/proxy/index.ts","statementMap":{"0":{"start":{"line":1,"column":0},"end":{"line":1,"column":52}},"1":{"start":{"line":15,"column":21},"end":{"line":15,"column":55}},"2":{"start":{"line":16,"column":4},"end":{"line":16,"column":65}},"3":{"start":{"line":25,"column":21},"end":{"line":25,"column":55}},"4":{"start":{"line":26,"column":4},"end":{"line":26,"column":65}},"5":{"start":{"line":7,"column":0},"end":{"line":7,"column":13}},"6":{"start":{"line":30,"column":0},"end":{"line":30,"column":24}}},"fnMap":{"0":{"name":"(anonymous_4)","decl":{"start":{"line":14,"column":2},"end":{"line":14,"column":7}},"loc":{"start":{"line":14,"column":54},"end":{"line":17,"column":3}}},"1":{"name":"(anonymous_5)","decl":{"start":{"line":24,"column":2},"end":{"line":24,"column":7}},"loc":{"start":{"line":24,"column":34},"end":{"line":27,"column":3}}}},"branchMap":{"0":{"loc":{"start":{"line":15,"column":21},"end":{"line":15,"column":55}},"type":"binary-expr","locations":[{"start":{"line":15,"column":21},"end":{"line":15,"column":33}},{"start":{"line":15,"column":37},"end":{"line":15,"column":55}}]},"1":{"loc":{"start":{"line":25,"column":21},"end":{"line":25,"column":55}},"type":"binary-expr","locations":[{"start":{"line":25,"column":21},"end":{"line":25,"column":33}},{"start":{"line":25,"column":37},"end":{"line":25,"column":55}}]}},"s":{"0":1,"1":0,"2":0,"3":0,"4":0,"5":1,"6":1},"f":{"0":0,"1":0},"b":{"0":[0,0],"1":[0,0]}}
,"/Users/afv/Documents/sdk/src/modules/settings/index.ts": {"path":"/Users/afv/Documents/sdk/src/modules/settings/index.ts","statementMap":{"0":{"start":{"line":1,"column":0},"end":{"line":1,"column":52}},"1":{"start":{"line":15,"column":21},"end":{"line":15,"column":55}},"2":{"start":{"line":16,"column":4},"end":{"line":16,"column":70}},"3":{"start":{"line":25,"column":21},"end":{"line":25,"column":55}},"4":{"start":{"line":26,"column":4},"end":{"line":26,"column":69}},"5":{"start":{"line":7,"column":0},"end":{"line":7,"column":13}},"6":{"start":{"line":30,"column":0},"end":{"line":30,"column":24}}},"fnMap":{"0":{"name":"(anonymous_4)","decl":{"start":{"line":14,"column":2},"end":{"line":14,"column":7}},"loc":{"start":{"line":14,"column":57},"end":{"line":17,"column":3}}},"1":{"name":"(anonymous_5)","decl":{"start":{"line":24,"column":2},"end":{"line":24,"column":7}},"loc":{"start":{"line":24,"column":34},"end":{"line":27,"column":3}}}},"branchMap":{"0":{"loc":{"start":{"line":15,"column":21},"end":{"line":15,"column":55}},"type":"binary-expr","locations":[{"start":{"line":15,"column":21},"end":{"line":15,"column":33}},{"start":{"line":15,"column":37},"end":{"line":15,"column":55}}]},"1":{"loc":{"start":{"line":25,"column":21},"end":{"line":25,"column":55}},"type":"binary-expr","locations":[{"start":{"line":25,"column":21},"end":{"line":25,"column":33}},{"start":{"line":25,"column":37},"end":{"line":25,"column":55}}]}},"s":{"0":2,"1":2,"2":2,"3":2,"4":2,"5":2,"6":2},"f":{"0":2,"1":2},"b":{"0":[2,1],"1":[2,1]}}
,"/Users/afv/Documents/sdk/src/types/index.ts": {"path":"/Users/afv/Documents/sdk/src/types/index.ts","statementMap":{"0":{"start":{"line":63,"column":4},"end":{"line":63,"column":19}},"1":{"start":{"line":64,"column":4},"end":{"line":64,"column":36}},"2":{"start":{"line":65,"column":4},"end":{"line":65,"column":33}},"3":{"start":{"line":66,"column":4},"end":{"line":66,"column":29}},"4":{"start":{"line":67,"column":4},"end":{"line":67,"column":29}},"5":{"start":{"line":43,"column":0},"end":{"line":43,"column":13}}},"fnMap":{"0":{"name":"(anonymous_0)","decl":{"start":{"line":62,"column":2},"end":{"line":62,"column":14}},"loc":{"start":{"line":62,"column":85},"end":{"line":68,"column":3}}}},"branchMap":{},"s":{"0":3,"1":3,"2":3,"3":3,"4":3,"5":13},"f":{"0":3},"b":{}}
}
