TN:
SF:src/index.ts
FN:74,(anonymous_4)
FN:106,(anonymous_5)
FNF:2
FNH:2
FNDA:4,(anonymous_4)
FNDA:1,(anonymous_5)
DA:2,1
DA:3,1
DA:4,1
DA:5,1
DA:6,1
DA:7,1
DA:8,1
DA:9,1
DA:10,1
DA:11,1
DA:12,1
DA:17,1
DA:76,4
DA:77,1
DA:81,3
DA:82,1
DA:86,3
DA:89,3
DA:90,3
DA:91,3
DA:92,3
DA:93,3
DA:94,3
DA:95,3
DA:96,3
DA:97,3
DA:98,3
DA:107,1
DA:108,1
DA:109,1
DA:110,1
DA:111,1
DA:112,1
DA:113,1
DA:114,1
DA:115,1
DA:116,1
DA:118,1
DA:123,1
DA:124,1
DA:125,1
LF:41
LH:41
BRDA:76,0,0,1
BRDA:81,1,0,1
BRF:2
BRH:2
end_of_record
TN:
SF:src/core/base-module.ts
FN:16,(anonymous_0)
FN:25,(anonymous_1)
FN:35,(anonymous_2)
FN:46,(anonymous_3)
FNF:4
FNH:4
FNDA:51,(anonymous_0)
FNDA:31,(anonymous_1)
FNDA:18,(anonymous_2)
FNDA:2,(anonymous_3)
DA:2,7
DA:7,7
DA:17,51
DA:18,51
DA:26,31
DA:27,31
DA:36,18
DA:37,2
DA:39,16
DA:47,2
LF:10
LH:10
BRDA:36,0,0,2
BRF:1
BRH:1
end_of_record
TN:
SF:src/core/http-client.ts
FN:15,(anonymous_1)
FN:41,(anonymous_2)
FN:44,(anonymous_3)
FN:50,(anonymous_4)
FN:60,(anonymous_5)
FN:66,(anonymous_6)
FN:94,(anonymous_7)
FN:116,(anonymous_8)
FN:135,(anonymous_9)
FN:150,(anonymous_10)
FN:165,(anonymous_11)
FN:180,(anonymous_12)
FN:195,(anonymous_13)
FNF:13
FNH:6
FNDA:6,(anonymous_1)
FNDA:6,(anonymous_2)
FNDA:0,(anonymous_3)
FNDA:0,(anonymous_4)
FNDA:0,(anonymous_5)
FNDA:0,(anonymous_6)
FNDA:4,(anonymous_7)
FNDA:2,(anonymous_8)
FNDA:3,(anonymous_9)
FNDA:1,(anonymous_10)
FNDA:0,(anonymous_11)
FNDA:0,(anonymous_12)
FNDA:0,(anonymous_13)
DA:1,6
DA:2,6
DA:7,6
DA:16,6
DA:25,6
DA:35,6
DA:43,6
DA:45,0
DA:46,0
DA:48,0
DA:51,0
DA:52,0
DA:54,0
DA:59,6
DA:61,0
DA:62,0
DA:64,0
DA:67,0
DA:68,0
DA:72,0
DA:73,0
DA:74,0
DA:77,0
DA:84,0
DA:95,4
DA:98,4
DA:99,6
DA:100,6
DA:102,3
DA:105,3
DA:106,3
DA:107,3
DA:109,3
DA:110,2
DA:111,2
DA:112,0
DA:116,2
DA:117,2
DA:121,1
DA:126,0
DA:136,3
DA:141,2
DA:151,1
DA:156,1
DA:166,0
DA:171,0
DA:181,0
DA:186,0
DA:196,0
DA:201,0
LF:50
LH:26
BRDA:30,0,0,1
BRDA:30,0,1,5
BRDA:45,1,0,0
BRDA:46,2,0,0
BRDA:46,2,1,0
BRDA:51,3,0,0
BRDA:61,4,0,0
BRDA:67,5,0,0
BRDA:68,6,0,0
BRDA:68,6,1,0
BRDA:78,7,0,0
BRDA:78,7,1,0
BRDA:78,7,2,0
BRDA:105,8,0,3
BRDA:105,8,1,2
BRDA:109,9,0,2
BRDA:109,10,0,3
BRDA:109,10,1,1
BRDA:109,10,2,1
BRDA:109,10,3,2
BRDA:111,11,0,0
BRF:21
BRH:9
end_of_record
TN:
SF:src/modules/call/index.ts
FN:15,(anonymous_4)
FNF:1
FNH:0
FNDA:0,(anonymous_4)
DA:1,1
DA:6,1
DA:21,0
DA:22,0
DA:30,1
LF:5
LH:3
BRDA:17,0,0,0
BRDA:21,1,0,0
BRDA:21,1,1,0
BRF:3
BRH:0
end_of_record
TN:
SF:src/modules/chat/index.ts
FN:13,(anonymous_4)
FN:26,(anonymous_5)
FN:40,(anonymous_6)
FN:54,(anonymous_7)
FN:69,(anonymous_8)
FN:84,(anonymous_9)
FN:97,(anonymous_10)
FNF:7
FNH:0
FNDA:0,(anonymous_4)
FNDA:0,(anonymous_5)
FNDA:0,(anonymous_6)
FNDA:0,(anonymous_7)
FNDA:0,(anonymous_8)
FNDA:0,(anonymous_9)
FNDA:0,(anonymous_10)
DA:1,1
DA:6,1
DA:14,0
DA:15,0
DA:27,0
DA:28,0
DA:41,0
DA:42,0
DA:55,0
DA:56,0
DA:70,0
DA:71,0
DA:85,0
DA:86,0
DA:98,0
DA:99,0
DA:105,1
LF:17
LH:3
BRDA:14,0,0,0
BRDA:14,0,1,0
BRDA:27,1,0,0
BRDA:27,1,1,0
BRDA:41,2,0,0
BRDA:41,2,1,0
BRDA:55,3,0,0
BRDA:55,3,1,0
BRDA:69,4,0,0
BRDA:70,5,0,0
BRDA:70,5,1,0
BRDA:85,6,0,0
BRDA:85,6,1,0
BRDA:98,7,0,0
BRDA:98,7,1,0
BRF:15
BRH:0
end_of_record
TN:
SF:src/modules/group/index.ts
FN:14,(anonymous_4)
FN:29,(anonymous_5)
FN:44,(anonymous_6)
FN:59,(anonymous_7)
FN:73,(anonymous_8)
FN:84,(anonymous_9)
FN:96,(anonymous_10)
FN:109,(anonymous_11)
FN:129,(anonymous_12)
FNF:9
FNH:0
FNDA:0,(anonymous_4)
FNDA:0,(anonymous_5)
FNDA:0,(anonymous_6)
FNDA:0,(anonymous_7)
FNDA:0,(anonymous_8)
FNDA:0,(anonymous_9)
FNDA:0,(anonymous_10)
FNDA:0,(anonymous_11)
FNDA:0,(anonymous_12)
DA:1,1
DA:6,1
DA:15,0
DA:16,0
DA:30,0
DA:31,0
DA:45,0
DA:46,0
DA:60,0
DA:61,0
DA:74,0
DA:75,0
DA:85,0
DA:86,0
DA:97,0
DA:98,0
DA:115,0
DA:116,0
DA:130,0
DA:131,0
DA:135,1
LF:21
LH:3
BRDA:15,0,0,0
BRDA:15,0,1,0
BRDA:30,1,0,0
BRDA:30,1,1,0
BRDA:45,2,0,0
BRDA:45,2,1,0
BRDA:60,3,0,0
BRDA:60,3,1,0
BRDA:74,4,0,0
BRDA:74,4,1,0
BRDA:85,5,0,0
BRDA:85,5,1,0
BRDA:97,6,0,0
BRDA:97,6,1,0
BRDA:115,7,0,0
BRDA:115,7,1,0
BRDA:130,8,0,0
BRDA:130,8,1,0
BRF:18
BRH:0
end_of_record
TN:
SF:src/modules/instance/index.ts
FN:13,(anonymous_4)
FN:21,(anonymous_5)
FN:30,(anonymous_6)
FN:40,(anonymous_7)
FN:51,(anonymous_8)
FN:61,(anonymous_9)
FN:71,(anonymous_10)
FN:81,(anonymous_11)
FNF:8
FNH:8
FNDA:1,(anonymous_4)
FNDA:1,(anonymous_5)
FNDA:2,(anonymous_6)
FNDA:1,(anonymous_7)
FNDA:1,(anonymous_8)
FNDA:1,(anonymous_9)
FNDA:1,(anonymous_10)
FNDA:1,(anonymous_11)
DA:1,2
DA:7,2
DA:14,1
DA:22,1
DA:31,2
DA:32,2
DA:41,1
DA:42,1
DA:52,1
DA:53,1
DA:62,1
DA:63,1
DA:72,1
DA:73,1
DA:82,1
DA:83,1
DA:87,2
LF:17
LH:17
BRDA:31,0,0,2
BRDA:31,0,1,1
BRDA:41,1,0,1
BRDA:41,1,1,1
BRDA:52,2,0,1
BRDA:52,2,1,1
BRDA:62,3,0,1
BRDA:62,3,1,1
BRDA:72,4,0,1
BRDA:72,4,1,1
BRDA:82,5,0,1
BRDA:82,5,1,1
BRF:12
BRH:12
end_of_record
TN:
SF:src/modules/integrations/index.ts
FN:15,(anonymous_4)
FN:41,(anonymous_5)
FN:67,(anonymous_6)
FNF:3
FNH:0
FNDA:0,(anonymous_4)
FNDA:0,(anonymous_5)
FNDA:0,(anonymous_6)
DA:1,1
DA:6,1
DA:21,0
DA:22,0
DA:53,0
DA:54,0
DA:72,0
DA:73,0
DA:80,1
LF:9
LH:3
BRDA:21,0,0,0
BRDA:21,0,1,0
BRDA:26,1,0,0
BRDA:26,1,1,0
BRDA:27,2,0,0
BRDA:27,2,1,0
BRDA:53,3,0,0
BRDA:53,3,1,0
BRDA:72,4,0,0
BRDA:72,4,1,0
BRF:10
BRH:0
end_of_record
TN:
SF:src/modules/label/index.ts
FN:12,(anonymous_4)
FN:25,(anonymous_5)
FNF:2
FNH:0
FNDA:0,(anonymous_4)
FNDA:0,(anonymous_5)
DA:1,1
DA:6,1
DA:13,0
DA:14,0
DA:31,0
DA:32,0
DA:40,1
LF:7
LH:3
BRDA:13,0,0,0
BRDA:13,0,1,0
BRDA:31,1,0,0
BRDA:31,1,1,0
BRF:4
BRH:0
end_of_record
TN:
SF:src/modules/message/index.ts
FN:27,(anonymous_4)
FN:38,(anonymous_5)
FN:49,(anonymous_6)
FN:60,(anonymous_7)
FN:71,(anonymous_8)
FN:82,(anonymous_9)
FN:93,(anonymous_10)
FN:104,(anonymous_11)
FN:115,(anonymous_12)
FN:126,(anonymous_13)
FN:137,(anonymous_14)
FN:148,(anonymous_15)
FNF:12
FNH:5
FNDA:2,(anonymous_4)
FNDA:2,(anonymous_5)
FNDA:0,(anonymous_6)
FNDA:0,(anonymous_7)
FNDA:0,(anonymous_8)
FNDA:1,(anonymous_9)
FNDA:1,(anonymous_10)
FNDA:1,(anonymous_11)
FNDA:0,(anonymous_12)
FNDA:0,(anonymous_13)
FNDA:0,(anonymous_14)
FNDA:0,(anonymous_15)
DA:1,2
DA:20,2
DA:28,2
DA:29,2
DA:39,2
DA:40,2
DA:50,0
DA:51,0
DA:61,0
DA:62,0
DA:72,0
DA:73,0
DA:83,1
DA:84,1
DA:94,1
DA:95,1
DA:105,1
DA:106,1
DA:116,0
DA:117,0
DA:127,0
DA:128,0
DA:138,0
DA:139,0
DA:149,0
DA:150,0
DA:154,2
LF:27
LH:13
BRDA:28,0,0,2
BRDA:28,0,1,1
BRDA:39,1,0,2
BRDA:39,1,1,2
BRDA:50,2,0,0
BRDA:50,2,1,0
BRDA:61,3,0,0
BRDA:61,3,1,0
BRDA:72,4,0,0
BRDA:72,4,1,0
BRDA:83,5,0,1
BRDA:83,5,1,1
BRDA:94,6,0,1
BRDA:94,6,1,1
BRDA:105,7,0,1
BRDA:105,7,1,1
BRDA:116,8,0,0
BRDA:116,8,1,0
BRDA:127,9,0,0
BRDA:127,9,1,0
BRDA:138,10,0,0
BRDA:138,10,1,0
BRDA:149,11,0,0
BRDA:149,11,1,0
BRF:24
BRH:10
end_of_record
TN:
SF:src/modules/profile/index.ts
FN:12,(anonymous_4)
FN:22,(anonymous_5)
FN:33,(anonymous_6)
FN:46,(anonymous_7)
FN:59,(anonymous_8)
FN:71,(anonymous_9)
FN:81,(anonymous_10)
FN:92,(anonymous_11)
FNF:8
FNH:0
FNDA:0,(anonymous_4)
FNDA:0,(anonymous_5)
FNDA:0,(anonymous_6)
FNDA:0,(anonymous_7)
FNDA:0,(anonymous_8)
FNDA:0,(anonymous_9)
FNDA:0,(anonymous_10)
FNDA:0,(anonymous_11)
DA:1,1
DA:6,1
DA:13,0
DA:14,0
DA:23,0
DA:24,0
DA:34,0
DA:35,0
DA:47,0
DA:48,0
DA:60,0
DA:61,0
DA:72,0
DA:73,0
DA:82,0
DA:83,0
DA:103,0
DA:104,0
DA:108,1
LF:19
LH:3
BRDA:13,0,0,0
BRDA:13,0,1,0
BRDA:23,1,0,0
BRDA:23,1,1,0
BRDA:34,2,0,0
BRDA:34,2,1,0
BRDA:47,3,0,0
BRDA:47,3,1,0
BRDA:60,4,0,0
BRDA:60,4,1,0
BRDA:72,5,0,0
BRDA:72,5,1,0
BRDA:82,6,0,0
BRDA:82,6,1,0
BRDA:103,7,0,0
BRDA:103,7,1,0
BRF:16
BRH:0
end_of_record
TN:
SF:src/modules/proxy/index.ts
FN:14,(anonymous_4)
FN:24,(anonymous_5)
FNF:2
FNH:0
FNDA:0,(anonymous_4)
FNDA:0,(anonymous_5)
DA:1,1
DA:7,1
DA:15,0
DA:16,0
DA:25,0
DA:26,0
DA:30,1
LF:7
LH:3
BRDA:15,0,0,0
BRDA:15,0,1,0
BRDA:25,1,0,0
BRDA:25,1,1,0
BRF:4
BRH:0
end_of_record
TN:
SF:src/modules/settings/index.ts
FN:14,(anonymous_4)
FN:24,(anonymous_5)
FNF:2
FNH:2
FNDA:2,(anonymous_4)
FNDA:2,(anonymous_5)
DA:1,2
DA:7,2
DA:15,2
DA:16,2
DA:25,2
DA:26,2
DA:30,2
LF:7
LH:7
BRDA:15,0,0,2
BRDA:15,0,1,1
BRDA:25,1,0,2
BRDA:25,1,1,1
BRF:4
BRH:4
end_of_record
TN:
SF:src/types/index.ts
FN:62,(anonymous_0)
FNF:1
FNH:1
FNDA:3,(anonymous_0)
DA:43,13
DA:63,3
DA:64,3
DA:65,3
DA:66,3
DA:67,3
LF:6
LH:6
BRF:0
BRH:0
end_of_record
