TN:
SF:src/index.ts
FN:74,(anonymous_4)
FN:106,(anonymous_5)
FNF:2
FNH:1
FNDA:1,(anonymous_4)
FNDA:0,(anonymous_5)
DA:2,1
DA:3,1
DA:4,1
DA:5,1
DA:6,1
DA:7,1
DA:8,1
DA:9,1
DA:10,1
DA:11,1
DA:12,1
DA:17,1
DA:76,1
DA:77,0
DA:81,1
DA:82,1
DA:86,1
DA:89,1
DA:90,1
DA:91,1
DA:92,1
DA:93,1
DA:94,1
DA:95,1
DA:96,1
DA:97,1
DA:98,1
DA:107,0
DA:108,0
DA:109,0
DA:110,0
DA:111,0
DA:112,0
DA:113,0
DA:114,0
DA:115,0
DA:116,0
DA:118,0
DA:123,1
DA:124,1
DA:125,1
LF:41
LH:29
BRDA:76,0,0,0
BRDA:81,1,0,1
BRF:2
BRH:1
end_of_record
TN:
SF:src/core/base-module.ts
FN:16,(anonymous_0)
FN:25,(anonymous_1)
FN:35,(anonymous_2)
FN:46,(anonymous_3)
FNF:4
FNH:3
FNDA:10,(anonymous_0)
FNDA:7,(anonymous_1)
FNDA:25,(anonymous_2)
FNDA:0,(anonymous_3)
DA:2,1
DA:7,1
DA:17,10
DA:18,10
DA:26,7
DA:27,7
DA:36,25
DA:37,0
DA:39,25
DA:47,0
LF:10
LH:8
BRDA:36,0,0,0
BRF:1
BRH:0
end_of_record
TN:
SF:src/core/http-client.ts
FN:15,(anonymous_1)
FN:41,(anonymous_2)
FN:44,(anonymous_3)
FN:50,(anonymous_4)
FN:60,(anonymous_5)
FN:66,(anonymous_6)
FN:94,(anonymous_7)
FN:116,(anonymous_8)
FN:135,(anonymous_9)
FN:150,(anonymous_10)
FN:165,(anonymous_11)
FN:180,(anonymous_12)
FN:195,(anonymous_13)
FNF:13
FNH:8
FNDA:1,(anonymous_1)
FNDA:1,(anonymous_2)
FNDA:26,(anonymous_3)
FNDA:0,(anonymous_4)
FNDA:19,(anonymous_5)
FNDA:7,(anonymous_6)
FNDA:26,(anonymous_7)
FNDA:0,(anonymous_8)
FNDA:8,(anonymous_9)
FNDA:18,(anonymous_10)
FNDA:0,(anonymous_11)
FNDA:0,(anonymous_12)
FNDA:0,(anonymous_13)
DA:1,1
DA:2,1
DA:7,1
DA:16,1
DA:25,1
DA:35,1
DA:43,1
DA:45,26
DA:46,26
DA:48,26
DA:51,0
DA:52,0
DA:54,0
DA:59,1
DA:61,19
DA:62,19
DA:64,19
DA:67,7
DA:68,7
DA:72,7
DA:73,7
DA:74,7
DA:77,7
DA:84,7
DA:95,26
DA:98,26
DA:99,26
DA:100,26
DA:102,7
DA:105,7
DA:106,7
DA:107,7
DA:109,7
DA:110,0
DA:111,0
DA:112,0
DA:116,0
DA:117,0
DA:121,7
DA:126,0
DA:136,8
DA:141,7
DA:151,18
DA:156,12
DA:166,0
DA:171,0
DA:181,0
DA:186,0
DA:196,0
DA:201,0
LF:50
LH:35
BRDA:30,0,0,1
BRDA:30,0,1,0
BRDA:45,1,0,26
BRDA:46,2,0,26
BRDA:46,2,1,8
BRDA:51,3,0,0
BRDA:61,4,0,19
BRDA:67,5,0,7
BRDA:68,6,0,7
BRDA:68,6,1,0
BRDA:78,7,0,7
BRDA:78,7,1,7
BRDA:78,7,2,0
BRDA:105,8,0,7
BRDA:105,8,1,0
BRDA:109,9,0,0
BRDA:109,10,0,7
BRDA:109,10,1,7
BRDA:109,10,2,7
BRDA:109,10,3,0
BRDA:111,11,0,0
BRF:21
BRH:13
end_of_record
TN:
SF:src/modules/call/index.ts
FN:15,(anonymous_4)
FNF:1
FNH:0
FNDA:0,(anonymous_4)
DA:1,1
DA:6,1
DA:21,0
DA:22,0
DA:30,1
LF:5
LH:3
BRDA:17,0,0,0
BRDA:21,1,0,0
BRDA:21,1,1,0
BRF:3
BRH:0
end_of_record
TN:
SF:src/modules/chat/index.ts
FN:13,(anonymous_4)
FN:26,(anonymous_5)
FN:40,(anonymous_6)
FN:54,(anonymous_7)
FN:69,(anonymous_8)
FN:84,(anonymous_9)
FN:97,(anonymous_10)
FNF:7
FNH:2
FNDA:2,(anonymous_4)
FNDA:0,(anonymous_5)
FNDA:0,(anonymous_6)
FNDA:0,(anonymous_7)
FNDA:0,(anonymous_8)
FNDA:1,(anonymous_9)
FNDA:0,(anonymous_10)
DA:1,1
DA:6,1
DA:14,2
DA:15,2
DA:27,0
DA:28,0
DA:41,0
DA:42,0
DA:55,0
DA:56,0
DA:70,0
DA:71,0
DA:85,1
DA:86,1
DA:98,0
DA:99,0
DA:105,1
LF:17
LH:7
BRDA:14,0,0,2
BRDA:14,0,1,2
BRDA:27,1,0,0
BRDA:27,1,1,0
BRDA:41,2,0,0
BRDA:41,2,1,0
BRDA:55,3,0,0
BRDA:55,3,1,0
BRDA:69,4,0,0
BRDA:70,5,0,0
BRDA:70,5,1,0
BRDA:85,6,0,1
BRDA:85,6,1,1
BRDA:98,7,0,0
BRDA:98,7,1,0
BRF:15
BRH:4
end_of_record
TN:
SF:src/modules/group/index.ts
FN:52,(anonymous_0)
FN:67,(anonymous_1)
FN:82,(anonymous_2)
FN:100,(anonymous_3)
FN:117,(anonymous_4)
FN:128,(anonymous_5)
FN:140,(anonymous_6)
FN:153,(anonymous_7)
FN:173,(anonymous_8)
FNF:9
FNH:1
FNDA:0,(anonymous_0)
FNDA:0,(anonymous_1)
FNDA:0,(anonymous_2)
FNDA:0,(anonymous_3)
FNDA:0,(anonymous_4)
FNDA:0,(anonymous_5)
FNDA:1,(anonymous_6)
FNDA:0,(anonymous_7)
FNDA:0,(anonymous_8)
DA:1,1
DA:44,1
DA:53,0
DA:54,0
DA:68,0
DA:69,0
DA:83,0
DA:84,0
DA:86,0
DA:87,0
DA:101,0
DA:102,0
DA:104,0
DA:105,0
DA:118,0
DA:119,0
DA:129,0
DA:130,0
DA:141,1
DA:142,1
DA:159,0
DA:160,0
DA:174,0
DA:175,0
DA:177,0
DA:178,0
LF:26
LH:4
BRDA:53,0,0,0
BRDA:53,0,1,0
BRDA:68,1,0,0
BRDA:68,1,1,0
BRDA:83,2,0,0
BRDA:86,3,0,0
BRDA:86,3,1,0
BRDA:101,4,0,0
BRDA:104,5,0,0
BRDA:104,5,1,0
BRDA:118,6,0,0
BRDA:118,6,1,0
BRDA:129,7,0,0
BRDA:129,7,1,0
BRDA:141,8,0,1
BRDA:141,8,1,1
BRDA:159,9,0,0
BRDA:159,9,1,0
BRDA:174,10,0,0
BRDA:177,11,0,0
BRDA:177,11,1,0
BRF:21
BRH:2
end_of_record
TN:
SF:src/modules/instance/index.ts
FN:13,(anonymous_4)
FN:21,(anonymous_5)
FN:30,(anonymous_6)
FN:40,(anonymous_7)
FN:51,(anonymous_8)
FN:61,(anonymous_9)
FN:71,(anonymous_10)
FN:81,(anonymous_11)
FNF:8
FNH:2
FNDA:0,(anonymous_4)
FNDA:1,(anonymous_5)
FNDA:0,(anonymous_6)
FNDA:0,(anonymous_7)
FNDA:0,(anonymous_8)
FNDA:3,(anonymous_9)
FNDA:0,(anonymous_10)
FNDA:0,(anonymous_11)
DA:1,1
DA:7,1
DA:14,0
DA:22,1
DA:31,0
DA:32,0
DA:41,0
DA:42,0
DA:52,0
DA:53,0
DA:62,3
DA:63,3
DA:72,0
DA:73,0
DA:82,0
DA:83,0
DA:87,1
LF:17
LH:6
BRDA:31,0,0,0
BRDA:31,0,1,0
BRDA:41,1,0,0
BRDA:41,1,1,0
BRDA:52,2,0,0
BRDA:52,2,1,0
BRDA:62,3,0,3
BRDA:62,3,1,3
BRDA:72,4,0,0
BRDA:72,4,1,0
BRDA:82,5,0,0
BRDA:82,5,1,0
BRF:12
BRH:2
end_of_record
TN:
SF:src/modules/integrations/index.ts
FN:15,(anonymous_4)
FN:41,(anonymous_5)
FN:67,(anonymous_6)
FNF:3
FNH:0
FNDA:0,(anonymous_4)
FNDA:0,(anonymous_5)
FNDA:0,(anonymous_6)
DA:1,1
DA:6,1
DA:21,0
DA:22,0
DA:53,0
DA:54,0
DA:72,0
DA:73,0
DA:80,1
LF:9
LH:3
BRDA:21,0,0,0
BRDA:21,0,1,0
BRDA:26,1,0,0
BRDA:26,1,1,0
BRDA:27,2,0,0
BRDA:27,2,1,0
BRDA:53,3,0,0
BRDA:53,3,1,0
BRDA:72,4,0,0
BRDA:72,4,1,0
BRF:10
BRH:0
end_of_record
TN:
SF:src/modules/label/index.ts
FN:12,(anonymous_4)
FN:25,(anonymous_5)
FNF:2
FNH:1
FNDA:1,(anonymous_4)
FNDA:0,(anonymous_5)
DA:1,1
DA:6,1
DA:13,1
DA:14,1
DA:31,0
DA:32,0
DA:40,1
LF:7
LH:5
BRDA:13,0,0,1
BRDA:13,0,1,1
BRDA:31,1,0,0
BRDA:31,1,1,0
BRF:4
BRH:2
end_of_record
TN:
SF:src/modules/message/index.ts
FN:27,(anonymous_4)
FN:38,(anonymous_5)
FN:49,(anonymous_6)
FN:60,(anonymous_7)
FN:71,(anonymous_8)
FN:82,(anonymous_9)
FN:93,(anonymous_10)
FN:104,(anonymous_11)
FN:115,(anonymous_12)
FN:126,(anonymous_13)
FN:137,(anonymous_14)
FN:148,(anonymous_15)
FNF:12
FNH:7
FNDA:3,(anonymous_4)
FNDA:3,(anonymous_5)
FNDA:0,(anonymous_6)
FNDA:1,(anonymous_7)
FNDA:0,(anonymous_8)
FNDA:0,(anonymous_9)
FNDA:1,(anonymous_10)
FNDA:1,(anonymous_11)
FNDA:1,(anonymous_12)
FNDA:0,(anonymous_13)
FNDA:1,(anonymous_14)
FNDA:0,(anonymous_15)
DA:1,1
DA:20,1
DA:28,3
DA:29,3
DA:39,3
DA:40,3
DA:50,0
DA:51,0
DA:61,1
DA:62,1
DA:72,0
DA:73,0
DA:83,0
DA:84,0
DA:94,1
DA:95,1
DA:105,1
DA:106,1
DA:116,1
DA:117,1
DA:127,0
DA:128,0
DA:138,1
DA:139,1
DA:149,0
DA:150,0
DA:154,1
LF:27
LH:17
BRDA:28,0,0,3
BRDA:28,0,1,3
BRDA:39,1,0,3
BRDA:39,1,1,3
BRDA:50,2,0,0
BRDA:50,2,1,0
BRDA:61,3,0,1
BRDA:61,3,1,1
BRDA:72,4,0,0
BRDA:72,4,1,0
BRDA:83,5,0,0
BRDA:83,5,1,0
BRDA:94,6,0,1
BRDA:94,6,1,1
BRDA:105,7,0,1
BRDA:105,7,1,1
BRDA:116,8,0,1
BRDA:116,8,1,1
BRDA:127,9,0,0
BRDA:127,9,1,0
BRDA:138,10,0,1
BRDA:138,10,1,1
BRDA:149,11,0,0
BRDA:149,11,1,0
BRF:24
BRH:14
end_of_record
TN:
SF:src/modules/profile/index.ts
FN:13,(anonymous_4)
FN:23,(anonymous_5)
FN:34,(anonymous_6)
FN:47,(anonymous_7)
FN:60,(anonymous_8)
FN:72,(anonymous_9)
FN:82,(anonymous_10)
FN:93,(anonymous_11)
FNF:8
FNH:2
FNDA:0,(anonymous_4)
FNDA:2,(anonymous_5)
FNDA:0,(anonymous_6)
FNDA:1,(anonymous_7)
FNDA:0,(anonymous_8)
FNDA:0,(anonymous_9)
FNDA:0,(anonymous_10)
FNDA:0,(anonymous_11)
DA:1,1
DA:7,1
DA:14,0
DA:15,0
DA:24,2
DA:25,2
DA:35,0
DA:36,0
DA:48,1
DA:49,1
DA:61,0
DA:62,0
DA:73,0
DA:74,0
DA:83,0
DA:84,0
DA:97,0
DA:98,0
DA:102,1
LF:19
LH:7
BRDA:14,0,0,0
BRDA:14,0,1,0
BRDA:24,1,0,2
BRDA:24,1,1,2
BRDA:35,2,0,0
BRDA:35,2,1,0
BRDA:48,3,0,1
BRDA:48,3,1,1
BRDA:61,4,0,0
BRDA:61,4,1,0
BRDA:73,5,0,0
BRDA:73,5,1,0
BRDA:83,6,0,0
BRDA:83,6,1,0
BRDA:97,7,0,0
BRDA:97,7,1,0
BRF:16
BRH:4
end_of_record
TN:
SF:src/modules/proxy/index.ts
FN:14,(anonymous_4)
FN:24,(anonymous_5)
FNF:2
FNH:0
FNDA:0,(anonymous_4)
FNDA:0,(anonymous_5)
DA:1,1
DA:7,1
DA:15,0
DA:16,0
DA:25,0
DA:26,0
DA:30,1
LF:7
LH:3
BRDA:15,0,0,0
BRDA:15,0,1,0
BRDA:25,1,0,0
BRDA:25,1,1,0
BRF:4
BRH:0
end_of_record
TN:
SF:src/modules/settings/index.ts
FN:14,(anonymous_4)
FN:24,(anonymous_5)
FNF:2
FNH:2
FNDA:1,(anonymous_4)
FNDA:2,(anonymous_5)
DA:1,1
DA:7,1
DA:15,1
DA:16,1
DA:25,2
DA:26,2
DA:30,1
LF:7
LH:7
BRDA:15,0,0,1
BRDA:15,0,1,1
BRDA:25,1,0,2
BRDA:25,1,1,2
BRF:4
BRH:4
end_of_record
TN:
SF:src/types/index.ts
FN:62,(anonymous_0)
FNF:1
FNH:1
FNDA:7,(anonymous_0)
DA:43,1
DA:63,7
DA:64,7
DA:65,7
DA:66,7
DA:67,7
LF:6
LH:6
BRF:0
BRH:0
end_of_record
